This is TeX, Version 3.14159 (Web2C 7.4.5) (format=latex 2004.5.1)  30 DEC 2004 07:02
**results.tex
(./results.tex
LaTeX2e <2001/06/01>
Babel <v3.7h> and hyphenation patterns for american, french, ngerman, latin, no
hyphenation, loaded.
(/usr/share/texmf/tex/latex/base/article.cls
Document Class: article 2001/04/21 v1.4e Standard LaTeX document class
(/usr/share/texmf/tex/latex/base/size10.clo
File: size10.clo 2001/04/21 v1.4e Standard LaTeX file (size option)
)
\c@part=\count79
\c@section=\count80
\c@subsection=\count81
\c@subsubsection=\count82
\c@paragraph=\count83
\c@subparagraph=\count84
\c@figure=\count85
\c@table=\count86
\abovecaptionskip=\skip41
\belowcaptionskip=\skip42
\bibindent=\dimen102
)
(/usr/share/texmf/tex/latex/base/inputenc.sty
Package: inputenc 2001/07/10 v0.99a Input encoding file 

(/usr/share/texmf/tex/latex/base/latin1.def
File: latin1.def 2001/07/10 v0.99a Input encoding file 
))
(/usr/share/texmf/tex/latex/amsmath/amsmath.sty
Package: amsmath 2000/07/18 v2.13 AMS math features
\@mathmargin=\skip43

For additional information on amsmath, use the `?' option.
(/usr/share/texmf/tex/latex/amsmath/amstext.sty
Package: amstext 2000/06/29 v2.01

(/usr/share/texmf/tex/latex/amsmath/amsgen.sty
File: amsgen.sty 1999/11/30 v2.0
\@emptytoks=\toks14
\ex@=\dimen103
))
(/usr/share/texmf/tex/latex/amsmath/amsbsy.sty
Package: amsbsy 1999/11/29 v1.2d
\pmbraise@=\dimen104
)
(/usr/share/texmf/tex/latex/amsmath/amsopn.sty
Package: amsopn 1999/12/14 v2.01 operator names
)
\inf@bad=\count87
LaTeX Info: Redefining \frac on input line 211.
\uproot@=\count88
\leftroot@=\count89
LaTeX Info: Redefining \overline on input line 307.
\classnum@=\count90
\DOTSCASE@=\count91
LaTeX Info: Redefining \ldots on input line 379.
LaTeX Info: Redefining \dots on input line 382.
LaTeX Info: Redefining \cdots on input line 467.
\Mathstrutbox@=\box26
\strutbox@=\box27
\big@size=\dimen105
LaTeX Font Info:    Redeclaring font encoding OML on input line 567.
LaTeX Font Info:    Redeclaring font encoding OMS on input line 568.
\macc@depth=\count92
\c@MaxMatrixCols=\count93
\dotsspace@=\muskip10
\c@parentequation=\count94
\dspbrk@lvl=\count95
\tag@help=\toks15
\row@=\count96
\column@=\count97
\maxfields@=\count98
\andhelp@=\toks16
\eqnshift@=\dimen106
\alignsep@=\dimen107
\tagshift@=\dimen108
\tagwidth@=\dimen109
\totwidth@=\dimen110
\lineht@=\dimen111
\@envbody=\toks17
\multlinegap=\skip44
\multlinetaggap=\skip45
\mathdisplay@stack=\toks18
LaTeX Info: Redefining \[ on input line 2666.
LaTeX Info: Redefining \] on input line 2667.
)
(/usr/share/texmf/tex/latex/graphics/graphicx.sty
Package: graphicx 1999/02/16 v1.0f Enhanced LaTeX Graphics (DPC,SPQR)

(/usr/share/texmf/tex/latex/graphics/keyval.sty
Package: keyval 1999/03/16 v1.13 key=value parser (DPC)
\KV@toks@=\toks19
)
(/usr/share/texmf/tex/latex/graphics/graphics.sty
Package: graphics 2001/07/07 v1.0n Standard LaTeX Graphics (DPC,SPQR)

(/usr/share/texmf/tex/latex/graphics/trig.sty
Package: trig 1999/03/16 v1.09 sin cos tan (DPC)
)
(/usr/share/texmf/tex/latex/config/graphics.cfg
File: graphics.cfg 2001/08/31 v1.1 graphics configuration of teTeX/TeXLive
)
Package graphics Info: Driver file: dvips.def on input line 80.

(/usr/share/texmf/tex/latex/graphics/dvips.def
File: dvips.def 1999/02/16 v3.0i Driver-dependant file (DPC,SPQR)
))
\Gin@req@height=\dimen112
\Gin@req@width=\dimen113
)

LaTeX Warning: Unused global option(s):
    [a4].

(./results.aux)
\openout1 = `results.aux'.

LaTeX Font Info:    Checking defaults for OML/cmm/m/it on input line 25.
LaTeX Font Info:    ... okay on input line 25.
LaTeX Font Info:    Checking defaults for T1/cmr/m/n on input line 25.
LaTeX Font Info:    ... okay on input line 25.
LaTeX Font Info:    Checking defaults for OT1/cmr/m/n on input line 25.
LaTeX Font Info:    ... okay on input line 25.
LaTeX Font Info:    Checking defaults for OMS/cmsy/m/n on input line 25.
LaTeX Font Info:    ... okay on input line 25.
LaTeX Font Info:    Checking defaults for OMX/cmex/m/n on input line 25.
LaTeX Font Info:    ... okay on input line 25.
LaTeX Font Info:    Checking defaults for U/cmr/m/n on input line 25.
LaTeX Font Info:    ... okay on input line 25.

Underfull \hbox (badness 10000) in paragraph at lines 39--39
\OT1/cmr/m/n/10 (in char-ac-
 []

(./gamma_normal_results.tex)
Underfull \hbox (badness 10000) in paragraph at lines 47--47
\OT1/cmr/m/n/10 (in char-ac-
 []

(./gamma_clausal_results.tex)
Underfull \hbox (badness 10000) in paragraph at lines 54--54
\OT1/cmr/m/n/10 (in char-ac-
 []

(./gamma_with_literals_results.tex)
Underfull \hbox (badness 10000) in paragraph at lines 61--61
\OT1/cmr/m/n/10 (in char-ac-
 []

(./gamma_clausal_with_literals_results.tex) [1

]
Underfull \hbox (badness 10000) in paragraph at lines 68--68
\OT1/cmr/m/n/10 (in char-ac-
 []

(./h_normal_results.tex)
Underfull \hbox (badness 10000) in paragraph at lines 76--76
\OT1/cmr/m/n/10 (in char-ac-
 []

(./h_clausal_results.tex)
Underfull \hbox (badness 10000) in paragraph at lines 84--84
\OT1/cmr/m/n/10 (in char-ac-
 []

(./php_normal_results.tex)
Underfull \hbox (badness 10000) in paragraph at lines 92--92
\OT1/cmr/m/n/10 (in char-ac-
 []

(./php_clausal_results.tex) [2]
Underfull \hbox (badness 10000) in paragraph at lines 101--101
\OT1/cmr/m/n/10 (in char-ac-
 []

(./statman_normal_results.tex)
Underfull \hbox (badness 10000) in paragraph at lines 109--109
\OT1/cmr/m/n/10 (in char-ac-
 []

(./statman_clausal_results.tex) [3] (./results.aux) ) 
Here is how much of TeX's memory you used:
 1208 strings out of 95850
 14045 string characters out of 1195997
 79347 words of memory out of 1000001
 4140 multiletter control sequences out of 10000+50000
 8416 words of font info for 31 fonts, out of 500000 for 1000
 14 hyphenation exceptions out of 1000
 27i,8n,20p,224b,249s stack positions out of 1500i,500n,5000p,200000b,5000s

Output written on results.dvi (3 pages, 20300 bytes).
